#
# There is insufficient memory for the Java Runtime Environment to continue.
# Native memory allocation (malloc) failed to allocate 1048576 bytes for AllocateHeap
# Possible reasons:
#   The system is out of physical RAM or swap space
#   In 32 bit mode, the process size limit was hit
# Possible solutions:
#   Reduce memory load on the system
#   Increase physical memory or swap space
#   Check if swap backing store is full
#   Use 64 bit Java on a 64 bit OS
#   Decrease Java heap size (-Xmx/-Xms)
#   Decrease number of Java threads
#   Decrease Java thread stack sizes (-Xss)
#   Set larger code cache with -XX:ReservedCodeCacheSize=
# This output file may be truncated or incomplete.
#
#  Out of Memory Error (memory/allocation.inline.hpp:61), pid=10532, tid=0x0000000000000eb4
#
# JRE version:  (8.0_162-b12) (build )
# Java VM: Java HotSpot(TM) 64-Bit Server VM (25.162-b12 mixed mode windows-amd64 compressed oops)
# Failed to write core dump. Minidumps are not enabled by default on client versions of Windows
#

---------------  T H R E A D  ---------------

Current thread (0x000000000336e000):  JavaThread "Unknown thread" [_thread_in_vm, id=3764, stack(0x0000000004b80000,0x0000000004c80000)]

Stack: [0x0000000004b80000,0x0000000004c80000]
[error occurred during error reporting (printing stack bounds), id 0xc0000005]

Native frames: (J=compiled Java code, j=interpreted, Vv=VM code, C=native code)


---------------  P R O C E S S  ---------------

Java Threads: ( => current thread )

Other Threads:

=>0x000000000336e000 (exited) JavaThread "Unknown thread" [_thread_in_vm, id=3764, stack(0x0000000004b80000,0x0000000004c80000)]

VM state:not at safepoint (normal execution)

VM Mutex/Monitor currently owned by a thread: None

Heap:
 PSYoungGen      total 18944K, used 327K [0x00000000eb200000, 0x00000000ec700000, 0x0000000100000000)
  eden space 16384K, 2% used [0x00000000eb200000,0x00000000eb251ec8,0x00000000ec200000)
  from space 2560K, 0% used [0x00000000ec480000,0x00000000ec480000,0x00000000ec700000)
  to   space 2560K, 0% used [0x00000000ec200000,0x00000000ec200000,0x00000000ec480000)
 ParOldGen       total 44032K, used 0K [0x00000000c1600000, 0x00000000c4100000, 0x00000000eb200000)
  object space 44032K, 0% used [0x00000000c1600000,0x00000000c1600000,0x00000000c4100000)
 Metaspace       used 747K, capacity 4480K, committed 4480K, reserved 1056768K
  class space    used 75K, capacity 384K, committed 384K, reserved 1048576K

Card table byte_map: [0x0000000014240000,0x0000000014440000] byte_map_base: 0x0000000013c35000

Marking Bits: (ParMarkBitMap*) 0x0000000073380860
 Begin Bits: [0x0000000014990000, 0x0000000015938000)
 End Bits:   [0x0000000015938000, 0x00000000168e0000)

Polling page: 0x0000000003370000

CodeCache: size=245760Kb used=328Kb max_used=328Kb free=245431Kb
 bounds [0x0000000004e80000, 0x00000000050f0000, 0x0000000013e80000]
 total_blobs=58 nmethods=0 adapters=38
 compilation: enabled

Compilation events (0 events):
No events

GC Heap History (0 events):
No events

Deoptimization events (0 events):
No events

Classes redefined (0 events):
No events

Internal exceptions (0 events):
No events

Events (10 events):
Event: 0.057 loading class java/lang/Short
Event: 0.057 loading class java/lang/Short done
Event: 0.057 loading class java/lang/Integer
Event: 0.057 loading class java/lang/Integer done
Event: 0.057 loading class java/lang/Long
Event: 0.058 loading class java/lang/Long done
Event: 0.060 loading class java/lang/NullPointerException
Event: 0.060 loading class java/lang/NullPointerException done
Event: 0.060 loading class java/lang/ArithmeticException
Event: 0.060 loading class java/lang/ArithmeticException done


Dynamic libraries:
0x00007ff7fd970000 - 0x00007ff7fd9a7000 	C:\Program Files\Java\jre1.8.0_162\bin\javaw.exe
0x00007ff845200000 - 0x00007ff8453e0000 	C:\WINDOWS\SYSTEM32\ntdll.dll
0x00007ff844d00000 - 0x00007ff844dae000 	C:\WINDOWS\System32\KERNEL32.DLL
0x00007ff842360000 - 0x00007ff8425c6000 	C:\WINDOWS\System32\KERNELBASE.dll
0x00007ff8426d0000 - 0x00007ff842771000 	C:\WINDOWS\System32\ADVAPI32.dll
0x00007ff8448f0000 - 0x00007ff84498d000 	C:\WINDOWS\System32\msvcrt.dll
0x00007ff843e90000 - 0x00007ff843eeb000 	C:\WINDOWS\System32\sechost.dll
0x00007ff843f80000 - 0x00007ff84409f000 	C:\WINDOWS\System32\RPCRT4.dll
0x00007ff8428c0000 - 0x00007ff842a4f000 	C:\WINDOWS\System32\USER32.dll
0x00007ff841600000 - 0x00007ff841620000 	C:\WINDOWS\System32\win32u.dll
0x00007ff842830000 - 0x00007ff842858000 	C:\WINDOWS\System32\GDI32.dll
0x00007ff842110000 - 0x00007ff8422a3000 	C:\WINDOWS\System32\gdi32full.dll
0x00007ff841620000 - 0x00007ff8416bb000 	C:\WINDOWS\System32\msvcp_win.dll
0x00007ff8425d0000 - 0x00007ff8426c6000 	C:\WINDOWS\System32\ucrtbase.dll
0x00007ff838550000 - 0x00007ff8387b9000 	C:\WINDOWS\WinSxS\amd64_microsoft.windows.common-controls_6595b64144ccf1df_6.0.16299.192_none_15c8cdae9364c23b\COMCTL32.dll
0x00007ff844990000 - 0x00007ff844c98000 	C:\WINDOWS\System32\combase.dll
0x00007ff8416c0000 - 0x00007ff841732000 	C:\WINDOWS\System32\bcryptPrimitives.dll
0x00007ff8450d0000 - 0x00007ff8450fd000 	C:\WINDOWS\System32\IMM32.DLL
0x00000000728b0000 - 0x0000000072981000 	C:\Program Files\Java\jre1.8.0_162\bin\msvcr100.dll
0x0000000072b60000 - 0x0000000073400000 	C:\Program Files\Java\jre1.8.0_162\bin\server\jvm.dll
0x00007ff844e40000 - 0x00007ff844e48000 	C:\WINDOWS\System32\PSAPI.DLL
0x00007ff83f640000 - 0x00007ff83f649000 	C:\WINDOWS\SYSTEM32\WSOCK32.dll
0x00007ff844dd0000 - 0x00007ff844e3c000 	C:\WINDOWS\System32\WS2_32.dll
0x00007ff83f8d0000 - 0x00007ff83f8f3000 	C:\WINDOWS\SYSTEM32\WINMM.dll
0x00007ff838810000 - 0x00007ff83881a000 	C:\WINDOWS\SYSTEM32\VERSION.dll
0x00007ff83f870000 - 0x00007ff83f89a000 	C:\WINDOWS\SYSTEM32\WINMMBASE.dll
0x00007ff841e90000 - 0x00007ff841eda000 	C:\WINDOWS\System32\cfgmgr32.dll
0x0000000072a70000 - 0x0000000072a7f000 	C:\Program Files\Java\jre1.8.0_162\bin\verify.dll
0x0000000072a40000 - 0x0000000072a69000 	C:\Program Files\Java\jre1.8.0_162\bin\java.dll
0x0000000072a20000 - 0x0000000072a36000 	C:\Program Files\Java\jre1.8.0_162\bin\zip.dll

VM Arguments:
jvm_args: -Dfile.encoding=Cp1258 
java_command: Fasttrack.edu.vn.quanlytiendien.Quanlytiendien
java_class_path (initial): C:\Program Files\Java\jre1.8.0_162\lib\resources.jar;C:\Program Files\Java\jre1.8.0_162\lib\rt.jar;C:\Program Files\Java\jre1.8.0_162\lib\jsse.jar;C:\Program Files\Java\jre1.8.0_162\lib\jce.jar;C:\Program Files\Java\jre1.8.0_162\lib\charsets.jar;C:\Program Files\Java\jre1.8.0_162\lib\jfr.jar;C:\Program Files\Java\jre1.8.0_162\lib\ext\access-bridge-64.jar;C:\Program Files\Java\jre1.8.0_162\lib\ext\cldrdata.jar;C:\Program Files\Java\jre1.8.0_162\lib\ext\dnsns.jar;C:\Program Files\Java\jre1.8.0_162\lib\ext\jaccess.jar;C:\Program Files\Java\jre1.8.0_162\lib\ext\jfxrt.jar;C:\Program Files\Java\jre1.8.0_162\lib\ext\localedata.jar;C:\Program Files\Java\jre1.8.0_162\lib\ext\nashorn.jar;C:\Program Files\Java\jre1.8.0_162\lib\ext\sunec.jar;C:\Program Files\Java\jre1.8.0_162\lib\ext\sunjce_provider.jar;C:\Program Files\Java\jre1.8.0_162\lib\ext\sunmscapi.jar;C:\Program Files\Java\jre1.8.0_162\lib\ext\sunpkcs11.jar;C:\Program Files\Java\jre1.8.0_162\lib\ext\zipfs.jar;C:\Users\Tran Duc\Documents\GitHub\FFSE1703.JavaCore\Assignments\ducdz\Quanlytiendien\bin
Launcher Type: SUN_STANDARD

Environment Variables:
PATH=C:/Program Files/Java/jre1.8.0_162/bin/server;C:/Program Files/Java/jre1.8.0_162/bin;C:/Program Files/Java/jre1.8.0_162/lib/amd64;C:\ProgramData\Oracle\Java\javapath;C:\WINDOWS\system32;C:\WINDOWS;C:\WINDOWS\System32\Wbem;C:\WINDOWS\System32\WindowsPowerShell\v1.0\;C:\Users\Tran Duc\AppData\Local\Microsoft\WindowsApps;;C:\Users\Tran Duc\Desktop;
USERNAME=Tran Duc
OS=Windows_NT
PROCESSOR_IDENTIFIER=Intel64 Family 6 Model 60 Stepping 3, GenuineIntel



---------------  S Y S T E M  ---------------

OS: Windows 10.0 , 64 bit Build 16299 (10.0.16299.15)

CPU:total 4 (initial active 4) (2 cores per cpu, 2 threads per core) family 6 model 60 stepping 3, cmov, cx8, fxsr, mmx, sse, sse2, sse3, ssse3, sse4.1, sse4.2, popcnt, avx, avx2, aes, clmul, erms, lzcnt, ht, tsc, tscinvbit, bmi1, bmi2

Memory: 4k page, physical 4097364k(147468k free), swap 8193364k(5460k free)

vm_info: Java HotSpot(TM) 64-Bit Server VM (25.162-b12) for windows-amd64 JRE (1.8.0_162-b12), built on Dec 19 2017 20:00:03 by "java_re" with MS VC++ 10.0 (VS2010)

time: Fri Mar 30 16:55:42 2018
elapsed time: 0 seconds (0d 0h 0m 0s)

